  Area.cpp
  AreaManager.cpp
  MapDraw.cpp
c:\정재훈\jungjaehoon\jungjaehoon\submit\지뢰찾기\지뢰찾기\mapdraw.h(16): warning C4838: 'int'에서 'SHORT'(으)로의 변환에는 축소 변환이 필요합니다.
c:\정재훈\jungjaehoon\jungjaehoon\submit\지뢰찾기\지뢰찾기\mapdraw.cpp(25): warning C4267: '-=': 'size_t'에서 'int'(으)로 변환하면서 데이터가 손실될 수 있습니다.
c:\정재훈\jungjaehoon\jungjaehoon\submit\지뢰찾기\지뢰찾기\mapdraw.cpp(50): warning C4996: 'sprintf': This function or variable may be unsafe. Consider using sprintf_s instead. To disable deprecation, use _CRT_SECURE_NO_WARNINGS. See online help for details.
  c:\program files (x86)\windows kits\10\include\10.0.17763.0\ucrt\stdio.h(1774): note: 'sprintf' 선언을 참조하십시오.
  Mine.cpp
  MineManager.cpp
c:\정재훈\jungjaehoon\jungjaehoon\submit\지뢰찾기\지뢰찾기\minemanager.cpp(14): warning C4244: '=': 'float'에서 'int'(으)로 변환하면서 데이터가 손실될 수 있습니다.
  Minesweeper.cpp
c:\정재훈\jungjaehoon\jungjaehoon\submit\지뢰찾기\지뢰찾기\mapdraw.h(16): warning C4838: 'int'에서 'SHORT'(으)로의 변환에는 축소 변환이 필요합니다.
c:\정재훈\jungjaehoon\jungjaehoon\submit\지뢰찾기\지뢰찾기\minesweeper.cpp(20): warning C4996: 'getch': The POSIX name for this item is deprecated. Instead, use the ISO C and C++ conformant name: _getch. See online help for details.
  c:\program files (x86)\windows kits\10\include\10.0.17763.0\ucrt\conio.h(453): note: 'getch' 선언을 참조하십시오.
c:\정재훈\jungjaehoon\jungjaehoon\submit\지뢰찾기\지뢰찾기\minesweeper.cpp(41): warning C4996: 'getch': The POSIX name for this item is deprecated. Instead, use the ISO C and C++ conformant name: _getch. See online help for details.
  c:\program files (x86)\windows kits\10\include\10.0.17763.0\ucrt\conio.h(453): note: 'getch' 선언을 참조하십시오.
c:\정재훈\jungjaehoon\jungjaehoon\submit\지뢰찾기\지뢰찾기\minesweeper.cpp(83): warning C4244: '인수': 'float'에서 'int'(으)로 변환하면서 데이터가 손실될 수 있습니다.
c:\정재훈\jungjaehoon\jungjaehoon\submit\지뢰찾기\지뢰찾기\minesweeper.cpp(84): warning C4244: '인수': 'float'에서 'int'(으)로 변환하면서 데이터가 손실될 수 있습니다.
c:\정재훈\jungjaehoon\jungjaehoon\submit\지뢰찾기\지뢰찾기\minesweeper.cpp(85): warning C4244: '인수': 'float'에서 'int'(으)로 변환하면서 데이터가 손실될 수 있습니다.
c:\정재훈\jungjaehoon\jungjaehoon\submit\지뢰찾기\지뢰찾기\minesweeper.cpp(86): warning C4244: '인수': 'float'에서 'int'(으)로 변환하면서 데이터가 손실될 수 있습니다.
  Player.cpp
c:\정재훈\jungjaehoon\jungjaehoon\submit\지뢰찾기\지뢰찾기\mapdraw.h(16): warning C4838: 'int'에서 'SHORT'(으)로의 변환에는 축소 변환이 필요합니다.
  소스.cpp
c:\정재훈\jungjaehoon\jungjaehoon\submit\지뢰찾기\지뢰찾기\mapdraw.h(16): warning C4838: 'int'에서 'SHORT'(으)로의 변환에는 축소 변환이 필요합니다.
c:\정재훈\jungjaehoon\jungjaehoon\submit\지뢰찾기\지뢰찾기\소스.cpp(4): warning C4326: 'main'의 반환 형식이 'int'이어야 하는데 'void'입니다.
  코드를 생성하고 있습니다...
c:\정재훈\jungjaehoon\jungjaehoon\submit\지뢰찾기\지뢰찾기\areamanager.cpp(21): warning C4715: 'AreaManager::AreaShapeOutput': 모든 제어 경로에서 값을 반환하지는 않습니다.
c:\정재훈\jungjaehoon\jungjaehoon\submit\지뢰찾기\지뢰찾기\areamanager.cpp(53): warning C4715: 'AreaManager::AreaCheck': 모든 제어 경로에서 값을 반환하지는 않습니다.
  지뢰찾기.vcxproj -> C:\정재훈\jungjaehoon\JungJaehoon\Submit\지뢰찾기\x64\Debug\지뢰찾기.exe
